<?xml version="1.0" encoding="UTF-8"?>
<testng-results skipped="0" failed="0" ignored="0" total="1" passed="1">
  <reporter-output>
  </reporter-output>
  <suite name="Suite" duration-ms="30747" started-at="2019-05-16T07:31:08Z" finished-at="2019-05-16T07:31:39Z">
    <groups>
    </groups>
    <test name="Test" duration-ms="30747" started-at="2019-05-16T07:31:08Z" finished-at="2019-05-16T07:31:39Z">
      <class name="testcases.LaunchFD">
        <test-method status="PASS" signature="Setup()[pri:0, instance:testcases.LaunchFD@15eb5ee5]" name="Setup" is-config="true" duration-ms="7438" started-at="2019-05-16T00:31:01Z" finished-at="2019-05-16T00:31:08Z">
          <reporter-output>
          </reporter-output>
        </test-method> <!-- Setup -->
        <test-method status="PASS" signature="launchFD(java.util.Hashtable)[pri:0, instance:testcases.LaunchFD@15eb5ee5]" name="launchFD" duration-ms="30713" started-at="2019-05-16T00:31:08Z" data-provider="dp" finished-at="2019-05-16T00:31:39Z">
          <params>
            <param index="0">
              <value>
                <![CDATA[{sitename=crm, servername=prasanthan-ecrm, password=demo, username=demo}]]>
              </value>
            </param>
          </params>
          <reporter-output>
          </reporter-output>
        </test-method> <!-- launchFD -->
        <test-method status="PASS" signature="getResult(org.testng.ITestResult)[pri:0, instance:testcases.LaunchFD@15eb5ee5]" name="getResult" is-config="true" duration-ms="8" started-at="2019-05-16T00:31:39Z" finished-at="2019-05-16T00:31:39Z">
          <params>
            <param index="0">
              <value>
                <![CDATA[[TestResult name=launchFD status=SUCCESS method=LaunchFD.launchFD(java.util.Hashtable)[pri:0, instance:testcases.LaunchFD@15eb5ee5] output={null}]]]>
              </value>
            </param>
          </params>
          <reporter-output>
          </reporter-output>
        </test-method> <!-- getResult -->
        <test-method status="PASS" signature="TearDown()[pri:0, instance:testcases.LaunchFD@15eb5ee5]" name="TearDown" is-config="true" duration-ms="3162" started-at="2019-05-16T00:31:39Z" finished-at="2019-05-16T00:31:42Z">
          <reporter-output>
          </reporter-output>
        </test-method> <!-- TearDown -->
      </class> <!-- testcases.LaunchFD -->
    </test> <!-- Test -->
  </suite> <!-- Suite -->
</testng-results>
